2023-01-30 09:28:14,004 INFO  [restartedMain] com.tpe.Springbootintro3Application:Starting Springbootintro3Application using Java 11.0.16.1 on DESKTOP-5OH89VO with PID 7044 (C:\Users\alikc\IdeaProjects\springbootintro3\target\classes started by alikc in C:\Users\alikc\IdeaProjects\springbootintro3)
2023-01-30 09:28:14,019 INFO  [restartedMain] com.tpe.Springbootintro3Application:No active profile set, falling back to default profiles: default
2023-01-30 09:28:14,129 INFO  [restartedMain] org.springframework.boot.devtools.env.DevToolsPropertyDefaultsPostProcessor:Devtools property defaults active! Set 'spring.devtools.add-properties' to 'false' to disable
2023-01-30 09:28:14,130 INFO  [restartedMain] org.springframework.boot.devtools.env.DevToolsPropertyDefaultsPostProcessor:For additional web related logging consider setting the 'logging.level.web' property to 'DEBUG'
2023-01-30 09:28:15,701 INFO  [restartedMain] org.springframework.data.repository.config.RepositoryConfigurationDelegate:Bootstrapping Spring Data JPA repositories in DEFAULT mode.
2023-01-30 09:28:15,794 INFO  [restartedMain] org.springframework.data.repository.config.RepositoryConfigurationDelegate:Finished Spring Data repository scanning in 74 ms. Found 1 JPA repository interfaces.
2023-01-30 09:28:17,098 INFO  [restartedMain] org.springframework.boot.web.embedded.tomcat.TomcatWebServer:Tomcat initialized with port(s): 8080 (http)
2023-01-30 09:28:17,117 INFO  [restartedMain] org.apache.catalina.core.StandardService:Starting service [Tomcat]
2023-01-30 09:28:17,118 INFO  [restartedMain] org.apache.catalina.core.StandardEngine:Starting Servlet engine: [Apache Tomcat/9.0.56]
2023-01-30 09:28:17,222 INFO  [restartedMain] org.apache.catalina.core.ContainerBase.[Tomcat].[localhost].[/]:Initializing Spring embedded WebApplicationContext
2023-01-30 09:28:17,222 INFO  [restartedMain] org.springframework.boot.web.servlet.context.ServletWebServerApplicationContext:Root WebApplicationContext: initialization completed in 3091 ms
2023-01-30 09:28:17,655 INFO  [restartedMain] org.hibernate.jpa.internal.util.LogHelper:HHH000204: Processing PersistenceUnitInfo [name: default]
2023-01-30 09:28:17,779 INFO  [restartedMain] org.hibernate.Version:HHH000412: Hibernate ORM core version 5.6.4.Final
2023-01-30 09:28:18,100 INFO  [restartedMain] org.hibernate.annotations.common.Version:HCANN000001: Hibernate Commons Annotations {5.1.2.Final}
2023-01-30 09:28:18,293 INFO  [restartedMain] com.zaxxer.hikari.HikariDataSource:HikariPool-1 - Starting...
2023-01-30 09:28:18,681 INFO  [restartedMain] com.zaxxer.hikari.HikariDataSource:HikariPool-1 - Start completed.
2023-01-30 09:28:18,716 INFO  [restartedMain] org.hibernate.dialect.Dialect:HHH000400: Using dialect: org.hibernate.dialect.PostgreSQLDialect
2023-01-30 09:28:20,013 INFO  [restartedMain] org.hibernate.engine.transaction.jta.platform.internal.JtaPlatformInitiator:HHH000490: Using JtaPlatform implementation: [org.hibernate.engine.transaction.jta.platform.internal.NoJtaPlatform]
2023-01-30 09:28:20,023 INFO  [restartedMain] org.springframework.orm.jpa.LocalContainerEntityManagerFactoryBean:Initialized JPA EntityManagerFactory for persistence unit 'default'
2023-01-30 09:28:20,709 WARN  [restartedMain] org.springframework.boot.autoconfigure.orm.jpa.JpaBaseConfiguration$JpaWebConfiguration:spring.jpa.open-in-view is enabled by default. Therefore, database queries may be performed during view rendering. Explicitly configure spring.jpa.open-in-view to disable this warning
2023-01-30 09:28:21,328 INFO  [restartedMain] org.springframework.boot.autoconfigure.security.servlet.UserDetailsServiceAutoConfiguration:

Using generated security password: 075d3fe5-fbe2-417b-a1e6-c60ac675956b

2023-01-30 09:28:21,630 INFO  [restartedMain] org.springframework.boot.actuate.endpoint.web.EndpointLinksResolver:Exposing 4 endpoint(s) beneath base path '/actuator'
2023-01-30 09:28:21,658 INFO  [restartedMain] org.springframework.security.web.DefaultSecurityFilterChain:Will secure any request with [org.springframework.security.web.context.request.async.WebAsyncManagerIntegrationFilter@45fe2751, org.springframework.security.web.context.SecurityContextPersistenceFilter@321ccaba, org.springframework.security.web.header.HeaderWriterFilter@53651a0b, org.springframework.web.filter.CorsFilter@7ec7c462, org.springframework.security.web.csrf.CsrfFilter@60aa030f, org.springframework.security.web.authentication.logout.LogoutFilter@73cdc8a3, org.springframework.security.web.authentication.UsernamePasswordAuthenticationFilter@49b846ed, org.springframework.security.web.authentication.ui.DefaultLoginPageGeneratingFilter@603f946a, org.springframework.security.web.authentication.ui.DefaultLogoutPageGeneratingFilter@32f1a637, org.springframework.security.web.authentication.www.BasicAuthenticationFilter@7a46c79a, org.springframework.security.web.savedrequest.RequestCacheAwareFilter@335410f5, org.springframework.security.web.servletapi.SecurityContextHolderAwareRequestFilter@6b780eba, org.springframework.security.web.authentication.AnonymousAuthenticationFilter@6eb6f209, org.springframework.security.web.session.SessionManagementFilter@53b90db1, org.springframework.security.web.access.ExceptionTranslationFilter@7b42b435, org.springframework.security.web.access.intercept.FilterSecurityInterceptor@5d415285]
2023-01-30 09:28:21,775 INFO  [restartedMain] org.springframework.boot.devtools.autoconfigure.OptionalLiveReloadServer:LiveReload server is running on port 35729
2023-01-30 09:28:21,852 INFO  [restartedMain] org.springframework.boot.web.embedded.tomcat.TomcatWebServer:Tomcat started on port(s): 8080 (http) with context path ''
2023-01-30 09:28:21,875 INFO  [restartedMain] com.tpe.Springbootintro3Application:Started Springbootintro3Application in 8.89 seconds (JVM running for 10.714)
2023-01-30 09:28:43,996 INFO  [http-nio-8080-exec-1] org.apache.catalina.core.ContainerBase.[Tomcat].[localhost].[/]:Initializing Spring DispatcherServlet 'dispatcherServlet'
2023-01-30 09:28:44,355 WARN  [http-nio-8080-exec-1] org.apache.catalina.util.SessionIdGeneratorBase:Creation of SecureRandom instance for session ID generation using [SHA1PRNG] took [264] milliseconds.
2023-01-30 09:29:32,145 INFO  [SpringApplicationShutdownHook] org.springframework.orm.jpa.LocalContainerEntityManagerFactoryBean:Closing JPA EntityManagerFactory for persistence unit 'default'
2023-01-30 09:29:32,152 INFO  [SpringApplicationShutdownHook] com.zaxxer.hikari.HikariDataSource:HikariPool-1 - Shutdown initiated...
2023-01-30 09:29:32,168 INFO  [SpringApplicationShutdownHook] com.zaxxer.hikari.HikariDataSource:HikariPool-1 - Shutdown completed.
2023-01-30 09:32:07,573 INFO  [restartedMain] com.tpe.Springbootintro3Application:Starting Springbootintro3Application using Java 11.0.16.1 on DESKTOP-5OH89VO with PID 24824 (C:\Users\alikc\IdeaProjects\springbootintro3\target\classes started by alikc in C:\Users\alikc\IdeaProjects\springbootintro3)
2023-01-30 09:32:07,575 INFO  [restartedMain] com.tpe.Springbootintro3Application:No active profile set, falling back to default profiles: default
2023-01-30 09:32:07,710 INFO  [restartedMain] org.springframework.boot.devtools.env.DevToolsPropertyDefaultsPostProcessor:Devtools property defaults active! Set 'spring.devtools.add-properties' to 'false' to disable
2023-01-30 09:32:07,710 INFO  [restartedMain] org.springframework.boot.devtools.env.DevToolsPropertyDefaultsPostProcessor:For additional web related logging consider setting the 'logging.level.web' property to 'DEBUG'
2023-01-30 09:32:09,598 INFO  [restartedMain] org.springframework.data.repository.config.RepositoryConfigurationDelegate:Bootstrapping Spring Data JPA repositories in DEFAULT mode.
2023-01-30 09:32:09,680 INFO  [restartedMain] org.springframework.data.repository.config.RepositoryConfigurationDelegate:Finished Spring Data repository scanning in 69 ms. Found 1 JPA repository interfaces.
2023-01-30 09:32:10,954 INFO  [restartedMain] org.springframework.boot.web.embedded.tomcat.TomcatWebServer:Tomcat initialized with port(s): 8080 (http)
2023-01-30 09:32:10,972 INFO  [restartedMain] org.apache.catalina.core.StandardService:Starting service [Tomcat]
2023-01-30 09:32:10,973 INFO  [restartedMain] org.apache.catalina.core.StandardEngine:Starting Servlet engine: [Apache Tomcat/9.0.56]
2023-01-30 09:32:11,077 INFO  [restartedMain] org.apache.catalina.core.ContainerBase.[Tomcat].[localhost].[/]:Initializing Spring embedded WebApplicationContext
2023-01-30 09:32:11,078 INFO  [restartedMain] org.springframework.boot.web.servlet.context.ServletWebServerApplicationContext:Root WebApplicationContext: initialization completed in 3367 ms
2023-01-30 09:32:11,532 INFO  [restartedMain] org.hibernate.jpa.internal.util.LogHelper:HHH000204: Processing PersistenceUnitInfo [name: default]
2023-01-30 09:32:11,642 INFO  [restartedMain] org.hibernate.Version:HHH000412: Hibernate ORM core version 5.6.4.Final
2023-01-30 09:32:11,961 INFO  [restartedMain] org.hibernate.annotations.common.Version:HCANN000001: Hibernate Commons Annotations {5.1.2.Final}
2023-01-30 09:32:12,127 INFO  [restartedMain] com.zaxxer.hikari.HikariDataSource:HikariPool-1 - Starting...
2023-01-30 09:32:12,519 INFO  [restartedMain] com.zaxxer.hikari.HikariDataSource:HikariPool-1 - Start completed.
2023-01-30 09:32:12,553 INFO  [restartedMain] org.hibernate.dialect.Dialect:HHH000400: Using dialect: org.hibernate.dialect.PostgreSQLDialect
2023-01-30 09:32:13,704 INFO  [restartedMain] org.hibernate.engine.transaction.jta.platform.internal.JtaPlatformInitiator:HHH000490: Using JtaPlatform implementation: [org.hibernate.engine.transaction.jta.platform.internal.NoJtaPlatform]
2023-01-30 09:32:13,716 INFO  [restartedMain] org.springframework.orm.jpa.LocalContainerEntityManagerFactoryBean:Initialized JPA EntityManagerFactory for persistence unit 'default'
2023-01-30 09:32:14,453 WARN  [restartedMain] org.springframework.boot.autoconfigure.orm.jpa.JpaBaseConfiguration$JpaWebConfiguration:spring.jpa.open-in-view is enabled by default. Therefore, database queries may be performed during view rendering. Explicitly configure spring.jpa.open-in-view to disable this warning
2023-01-30 09:32:15,198 INFO  [restartedMain] org.springframework.boot.actuate.endpoint.web.EndpointLinksResolver:Exposing 4 endpoint(s) beneath base path '/actuator'
2023-01-30 09:32:15,217 INFO  [restartedMain] org.springframework.security.web.DefaultSecurityFilterChain:Will secure any request with [org.springframework.security.web.context.request.async.WebAsyncManagerIntegrationFilter@157449a6, org.springframework.security.web.context.SecurityContextPersistenceFilter@76e148f3, org.springframework.security.web.header.HeaderWriterFilter@7964cb44, org.springframework.web.filter.CorsFilter@16ed3ef7, org.springframework.security.web.csrf.CsrfFilter@7394ac55, org.springframework.security.web.authentication.logout.LogoutFilter@3fa37fe3, org.springframework.security.web.authentication.UsernamePasswordAuthenticationFilter@6d766daf, org.springframework.security.web.authentication.ui.DefaultLoginPageGeneratingFilter@34c52c1d, org.springframework.security.web.authentication.ui.DefaultLogoutPageGeneratingFilter@6bd8fd0f, org.springframework.security.web.authentication.www.BasicAuthenticationFilter@7201f93c, org.springframework.security.web.savedrequest.RequestCacheAwareFilter@5f1c0fc4, org.springframework.security.web.servletapi.SecurityContextHolderAwareRequestFilter@72f2af23, org.springframework.security.web.authentication.AnonymousAuthenticationFilter@749aa62a, org.springframework.security.web.session.SessionManagementFilter@14e7b52c, org.springframework.security.web.access.ExceptionTranslationFilter@130e7cf6, org.springframework.security.web.access.intercept.FilterSecurityInterceptor@2d5f6902]
2023-01-30 09:32:15,299 INFO  [restartedMain] org.springframework.boot.devtools.autoconfigure.OptionalLiveReloadServer:LiveReload server is running on port 35729
2023-01-30 09:32:15,356 INFO  [restartedMain] org.springframework.boot.web.embedded.tomcat.TomcatWebServer:Tomcat started on port(s): 8080 (http) with context path ''
2023-01-30 09:32:15,375 INFO  [restartedMain] com.tpe.Springbootintro3Application:Started Springbootintro3Application in 8.933 seconds (JVM running for 10.276)
2023-01-30 09:32:29,198 INFO  [http-nio-8080-exec-1] org.apache.catalina.core.ContainerBase.[Tomcat].[localhost].[/]:Initializing Spring DispatcherServlet 'dispatcherServlet'
2023-01-30 09:32:56,535 WARN  [http-nio-8080-exec-1] org.apache.catalina.util.SessionIdGeneratorBase:Creation of SecureRandom instance for session ID generation using [SHA1PRNG] took [273] milliseconds.
2023-01-30 09:34:09,050 INFO  [SpringApplicationShutdownHook] org.springframework.orm.jpa.LocalContainerEntityManagerFactoryBean:Closing JPA EntityManagerFactory for persistence unit 'default'
2023-01-30 09:34:09,058 INFO  [SpringApplicationShutdownHook] com.zaxxer.hikari.HikariDataSource:HikariPool-1 - Shutdown initiated...
2023-01-30 09:34:09,080 INFO  [SpringApplicationShutdownHook] com.zaxxer.hikari.HikariDataSource:HikariPool-1 - Shutdown completed.
